<?xml version="1.0" encoding="UTF-8"?>
<!-- Generated by org.testng.reporters.JUnitReportReporter -->
<testsuite hostname="LAPTOP-4JSRA2QM" failures="0" tests="7" name="com.ecom.qa.testcases.LoginTest" time="92.669" errors="0" timestamp="2024-05-04T18:35:41 IST" skipped="0">
  <testcase classname="com.ecom.qa.testcases.LoginTest" name="verifyLoginWithValidCredentials" time="11.416"/>
  <system-out/>
  <testcase classname="com.ecom.qa.testcases.LoginTest" name="verifyLoginWithValidCredentials" time="10.151"/>
  <system-out/>
  <testcase classname="com.ecom.qa.testcases.LoginTest" name="verifyLoginWithValidCredentials" time="14.679"/>
  <system-out/>
  <testcase classname="com.ecom.qa.testcases.LoginTest" name="verifyLoginWithInvalidCredentials" time="15.528"/>
  <system-out/>
  <testcase classname="com.ecom.qa.testcases.LoginTest" name="verifyLoginWithInvalidEmailAndValidPassword" time="18.390"/>
  <system-out/>
  <testcase classname="com.ecom.qa.testcases.LoginTest" name="verifyLoginWithValidEmailAndInvalidPassword" time="10.666"/>
  <system-out/>
  <testcase classname="com.ecom.qa.testcases.LoginTest" name="verifyLoginWithoutProvidingCredentials" time="11.839"/>
  <system-out/>
</testsuite> <!-- com.ecom.qa.testcases.LoginTest -->
