<?xml version="1.0" encoding="UTF-8"?>
<!-- Generated by org.testng.reporters.JUnitReportReporter -->
<testsuite hostname="LAPTOP-4JSRA2QM" failures="0" tests="4" name="com.ecom.qa.testcases.RegisterTest" time="53.526" errors="0" timestamp="2024-05-04T18:41:24 IST" skipped="0">
  <testcase classname="com.ecom.qa.testcases.RegisterTest" name="verifyRegisteringAnAccountWithMandatoryFields" time="13.978"/>
  <system-out/>
  <testcase classname="com.ecom.qa.testcases.RegisterTest" name="verifyRegisteringAccountByProvidingAllFields" time="10.122"/>
  <system-out/>
  <testcase classname="com.ecom.qa.testcases.RegisterTest" name="verifyRegisteringAccountWithExistingEmailAddress" time="9.903"/>
  <system-out/>
  <testcase classname="com.ecom.qa.testcases.RegisterTest" name="verifyRegisteringAccountWithoutFillingAnyDetails" time="19.523"/>
  <system-out/>
</testsuite> <!-- com.ecom.qa.testcases.RegisterTest -->
